<?xml version="1.0" encoding="UTF-8"?>
<!-- Generated by org.testng.reporters.JUnitReportReporter -->
<testsuite hostname="LAPTOP-5CLI6I4K" name="com.selenium.demo.Hdfc_demo" tests="1" failures="0" timestamp="18 Nov 2020 04:52:50 GMT" time="7.457" errors="0">
  <testcase name="hdfc_frame" time="7.457" classname="com.selenium.demo.Hdfc_demo"/>
</testsuite> <!-- com.selenium.demo.Hdfc_demo -->
