<?xml version="1.0" encoding="UTF-8"?>
<!-- Generated by org.testng.reporters.JUnitReportReporter -->
<testsuite hostname="LAPTOP-5CLI6I4K" name="com.selenium.demo.Open_cart_demo" tests="1" failures="0" timestamp="18 Nov 2020 08:38:15 GMT" time="18.871" errors="0">
  <testcase name="openCart" time="18.871" classname="com.selenium.demo.Open_cart_demo"/>
</testsuite> <!-- com.selenium.demo.Open_cart_demo -->
