<?xml version="1.0" encoding="UTF-8"?>
<!-- Generated by org.testng.reporters.JUnitReportReporter -->
<testsuite hostname="LAPTOP-5CLI6I4K" name="com.selenium.demo.Guru99_countries" tests="1" failures="0" timestamp="18 Nov 2020 10:14:38 GMT" time="23.191" errors="0">
  <testcase name="login" time="23.191" classname="com.selenium.demo.Guru99_countries"/>
</testsuite> <!-- com.selenium.demo.Guru99_countries -->
